Validating found git in: git
Using git 2.33.0 from git
> git rev-parse --git-dir
Open repository: /home/madan/Documents/photogram_chat
> git status -z -u
> git symbolic-ref --short HEAD
> git for-each-ref --format=%(refname)%00%(upstream:short)%00%(objectname)%00%(upstream:track) refs/heads/master refs/remotes/master
> git for-each-ref --sort -committerdate --format %(refname) %(objectname) %(*objectname)
> git remote --verbose
> git config --get commit.template
> git check-ignore -v -z --stdin
> git check-ignore -v -z --stdin
> git show --textconv :lib/main.dart
> git ls-files --stage -- /home/madan/Documents/photogram_chat/lib/main.dart
> git check-ignore -v -z --stdin
> git status -z -u
> git symbolic-ref --short HEAD
> git for-each-ref --format=%(refname)%00%(upstream:short)%00%(objectname)%00%(upstream:track) refs/heads/master refs/remotes/master
> git for-each-ref --sort -committerdate --format %(refname) %(objectname) %(*objectname)
> git remote --verbose
> git config --get commit.template
> git check-ignore -v -z --stdin
> git status -z -u
> git symbolic-ref --short HEAD
> git for-each-ref --format=%(refname)%00%(upstream:short)%00%(objectname)%00%(upstream:track) refs/heads/master refs/remotes/master
> git for-each-ref --sort -committerdate --format %(refname) %(objectname) %(*objectname)
> git remote --verbose
> git config --get commit.template
> git show --textconv :lib/Pages/Auth/Loading.dart
> git ls-files --stage -- /home/madan/Documents/photogram_chat/lib/Pages/Auth/Loading.dart
> git check-ignore -v -z --stdin
> git status -z -u
> git symbolic-ref --short HEAD
> git for-each-ref --format=%(refname)%00%(upstream:short)%00%(objectname)%00%(upstream:track) refs/heads/master refs/remotes/master
> git for-each-ref --sort -committerdate --format %(refname) %(objectname) %(*objectname)
> git remote --verbose
> git config --get commit.template
> git show --textconv :lib/main.dart
> git ls-files --stage -- /home/madan/Documents/photogram_chat/lib/main.dart
> git status -z -u
> git symbolic-ref --short HEAD
> git for-each-ref --format=%(refname)%00%(upstream:short)%00%(objectname)%00%(upstream:track) refs/heads/master refs/remotes/master
> git for-each-ref --sort -committerdate --format %(refname) %(objectname) %(*objectname)
> git remote --verbose
> git config --get commit.template
> git show --textconv :lib/Pages/Auth/Loading.dart
> git ls-files --stage -- /home/madan/Documents/photogram_chat/lib/Pages/Auth/Loading.dart
> git show --textconv :lib/main.dart
> git ls-files --stage -- /home/madan/Documents/photogram_chat/lib/main.dart
> git show --textconv :lib/Pages/Auth/Loading.dart
> git ls-files --stage -- /home/madan/Documents/photogram_chat/lib/Pages/Auth/Loading.dart
> git status -z -u
> git symbolic-ref --short HEAD
> git for-each-ref --format=%(refname)%00%(upstream:short)%00%(objectname)%00%(upstream:track) refs/heads/master refs/remotes/master
> git for-each-ref --sort -committerdate --format %(refname) %(objectname) %(*objectname)
> git remote --verbose
> git config --get commit.template
> git show --textconv :pubspec.yaml
> git ls-files --stage -- /home/madan/Documents/photogram_chat/pubspec.yaml
> git show --textconv :lib/Pages/Auth/Loading.dart
> git ls-files --stage -- /home/madan/Documents/photogram_chat/lib/Pages/Auth/Loading.dart
> git status -z -u
> git symbolic-ref --short HEAD
> git for-each-ref --format=%(refname)%00%(upstream:short)%00%(objectname)%00%(upstream:track) refs/heads/master refs/remotes/master
> git for-each-ref --sort -committerdate --format %(refname) %(objectname) %(*objectname)
> git remote --verbose
> git config --get commit.template
